{"C:\\projects\\open_source\\restponses\\restponses-node\\restponses\\src\\interfaces\\status_codes.ts": {"path":"C:\\projects\\open_source\\restponses\\restponses-node\\restponses\\src\\interfaces\\status_codes.ts","statementMap":{"0":{"start":{"line":9,"column":0},"end":{"line":9,"column":null}},"1":{"start":{"line":10,"column":2},"end":{"line":10,"column":null}},"2":{"start":{"line":11,"column":2},"end":{"line":11,"column":null}},"3":{"start":{"line":12,"column":2},"end":{"line":12,"column":null}},"4":{"start":{"line":13,"column":2},"end":{"line":13,"column":null}},"5":{"start":{"line":15,"column":2},"end":{"line":15,"column":null}},"6":{"start":{"line":16,"column":2},"end":{"line":16,"column":null}},"7":{"start":{"line":17,"column":2},"end":{"line":17,"column":null}},"8":{"start":{"line":18,"column":2},"end":{"line":18,"column":null}},"9":{"start":{"line":19,"column":2},"end":{"line":19,"column":null}},"10":{"start":{"line":20,"column":2},"end":{"line":20,"column":null}},"11":{"start":{"line":21,"column":2},"end":{"line":21,"column":null}},"12":{"start":{"line":22,"column":2},"end":{"line":22,"column":null}},"13":{"start":{"line":23,"column":2},"end":{"line":23,"column":null}},"14":{"start":{"line":24,"column":2},"end":{"line":24,"column":null}},"15":{"start":{"line":26,"column":2},"end":{"line":26,"column":null}},"16":{"start":{"line":27,"column":2},"end":{"line":27,"column":null}},"17":{"start":{"line":28,"column":2},"end":{"line":28,"column":null}},"18":{"start":{"line":29,"column":2},"end":{"line":29,"column":null}},"19":{"start":{"line":30,"column":2},"end":{"line":30,"column":null}},"20":{"start":{"line":31,"column":2},"end":{"line":31,"column":null}},"21":{"start":{"line":32,"column":2},"end":{"line":32,"column":null}},"22":{"start":{"line":33,"column":2},"end":{"line":33,"column":null}},"23":{"start":{"line":35,"column":2},"end":{"line":35,"column":null}},"24":{"start":{"line":36,"column":2},"end":{"line":36,"column":null}},"25":{"start":{"line":37,"column":2},"end":{"line":37,"column":null}},"26":{"start":{"line":38,"column":2},"end":{"line":38,"column":null}},"27":{"start":{"line":39,"column":2},"end":{"line":39,"column":null}},"28":{"start":{"line":40,"column":2},"end":{"line":40,"column":null}},"29":{"start":{"line":41,"column":2},"end":{"line":41,"column":null}},"30":{"start":{"line":42,"column":2},"end":{"line":42,"column":null}},"31":{"start":{"line":43,"column":2},"end":{"line":43,"column":null}},"32":{"start":{"line":44,"column":2},"end":{"line":44,"column":null}},"33":{"start":{"line":45,"column":2},"end":{"line":45,"column":null}},"34":{"start":{"line":46,"column":2},"end":{"line":46,"column":null}},"35":{"start":{"line":47,"column":2},"end":{"line":47,"column":null}},"36":{"start":{"line":48,"column":2},"end":{"line":48,"column":null}},"37":{"start":{"line":49,"column":2},"end":{"line":49,"column":null}},"38":{"start":{"line":50,"column":2},"end":{"line":50,"column":null}},"39":{"start":{"line":51,"column":2},"end":{"line":51,"column":null}},"40":{"start":{"line":52,"column":2},"end":{"line":52,"column":null}},"41":{"start":{"line":53,"column":2},"end":{"line":53,"column":null}},"42":{"start":{"line":54,"column":2},"end":{"line":54,"column":null}},"43":{"start":{"line":55,"column":2},"end":{"line":55,"column":null}},"44":{"start":{"line":56,"column":2},"end":{"line":56,"column":null}},"45":{"start":{"line":57,"column":2},"end":{"line":57,"column":null}},"46":{"start":{"line":58,"column":2},"end":{"line":58,"column":null}},"47":{"start":{"line":59,"column":2},"end":{"line":59,"column":null}},"48":{"start":{"line":60,"column":2},"end":{"line":60,"column":null}},"49":{"start":{"line":61,"column":2},"end":{"line":61,"column":null}},"50":{"start":{"line":62,"column":2},"end":{"line":62,"column":null}},"51":{"start":{"line":63,"column":2},"end":{"line":63,"column":null}},"52":{"start":{"line":65,"column":2},"end":{"line":65,"column":null}},"53":{"start":{"line":66,"column":2},"end":{"line":66,"column":null}},"54":{"start":{"line":67,"column":2},"end":{"line":67,"column":null}},"55":{"start":{"line":68,"column":2},"end":{"line":68,"column":null}},"56":{"start":{"line":69,"column":2},"end":{"line":69,"column":null}},"57":{"start":{"line":70,"column":2},"end":{"line":70,"column":null}},"58":{"start":{"line":71,"column":2},"end":{"line":71,"column":null}},"59":{"start":{"line":72,"column":2},"end":{"line":72,"column":null}},"60":{"start":{"line":73,"column":2},"end":{"line":73,"column":null}},"61":{"start":{"line":74,"column":2},"end":{"line":74,"column":null}},"62":{"start":{"line":75,"column":2},"end":{"line":75,"column":null}},"63":{"start":{"line":76,"column":2},"end":{"line":76,"column":null}},"64":{"start":{"line":77,"column":2},"end":{"line":77,"column":null}},"65":{"start":{"line":84,"column":13},"end":{"line":410,"column":2}}},"fnMap":{"0":{"name":"(anonymous_0)","decl":{"start":{"line":9,"column":0},"end":{"line":9,"column":5}},"loc":{"start":{"line":9,"column":15},"end":{"line":78,"column":1}}}},"branchMap":{"0":{"loc":{"start":{"line":9,"column":5},"end":{"line":9,"column":null}},"type":"binary-expr","locations":[{"start":{"line":9,"column":5},"end":{"line":9,"column":15}},{"start":{"line":9,"column":5},"end":{"line":9,"column":null}}]}},"s":{"0":0,"1":0,"2":0,"3":0,"4":0,"5":0,"6":0,"7":0,"8":0,"9":0,"10":0,"11":0,"12":0,"13":0,"14":0,"15":0,"16":0,"17":0,"18":0,"19":0,"20":0,"21":0,"22":0,"23":0,"24":0,"25":0,"26":0,"27":0,"28":0,"29":0,"30":0,"31":0,"32":0,"33":0,"34":0,"35":0,"36":0,"37":0,"38":0,"39":0,"40":0,"41":0,"42":0,"43":0,"44":0,"45":0,"46":0,"47":0,"48":0,"49":0,"50":0,"51":0,"52":0,"53":0,"54":0,"55":0,"56":0,"57":0,"58":0,"59":0,"60":0,"61":0,"62":0,"63":0,"64":0,"65":0},"f":{"0":0},"b":{"0":[0,0]}}
,"C:\\projects\\open_source\\restponses\\restponses-node\\restponses\\src\\utils\\state_codes.ts": {"path":"C:\\projects\\open_source\\restponses\\restponses-node\\restponses\\src\\utils\\state_codes.ts","statementMap":{"0":{"start":{"line":1,"column":0},"end":{"line":1,"column":null}},"1":{"start":{"line":2,"column":2},"end":{"line":2,"column":null}},"2":{"start":{"line":3,"column":2},"end":{"line":3,"column":null}},"3":{"start":{"line":4,"column":2},"end":{"line":4,"column":null}},"4":{"start":{"line":5,"column":2},"end":{"line":5,"column":null}},"5":{"start":{"line":8,"column":0},"end":{"line":8,"column":null}},"6":{"start":{"line":9,"column":2},"end":{"line":9,"column":null}},"7":{"start":{"line":10,"column":2},"end":{"line":10,"column":null}},"8":{"start":{"line":11,"column":2},"end":{"line":11,"column":null}},"9":{"start":{"line":12,"column":2},"end":{"line":12,"column":null}},"10":{"start":{"line":13,"column":2},"end":{"line":13,"column":null}},"11":{"start":{"line":14,"column":2},"end":{"line":14,"column":null}},"12":{"start":{"line":15,"column":2},"end":{"line":15,"column":null}},"13":{"start":{"line":16,"column":2},"end":{"line":16,"column":null}},"14":{"start":{"line":17,"column":2},"end":{"line":17,"column":null}},"15":{"start":{"line":18,"column":2},"end":{"line":18,"column":null}},"16":{"start":{"line":21,"column":0},"end":{"line":21,"column":null}},"17":{"start":{"line":22,"column":2},"end":{"line":22,"column":null}},"18":{"start":{"line":23,"column":2},"end":{"line":23,"column":null}},"19":{"start":{"line":24,"column":2},"end":{"line":24,"column":null}},"20":{"start":{"line":25,"column":2},"end":{"line":25,"column":null}},"21":{"start":{"line":26,"column":2},"end":{"line":26,"column":null}},"22":{"start":{"line":27,"column":2},"end":{"line":27,"column":null}},"23":{"start":{"line":28,"column":2},"end":{"line":28,"column":null}},"24":{"start":{"line":29,"column":2},"end":{"line":29,"column":null}},"25":{"start":{"line":32,"column":0},"end":{"line":32,"column":null}},"26":{"start":{"line":33,"column":2},"end":{"line":33,"column":null}},"27":{"start":{"line":34,"column":2},"end":{"line":34,"column":null}},"28":{"start":{"line":35,"column":2},"end":{"line":35,"column":null}},"29":{"start":{"line":36,"column":2},"end":{"line":36,"column":null}},"30":{"start":{"line":37,"column":2},"end":{"line":37,"column":null}},"31":{"start":{"line":38,"column":2},"end":{"line":38,"column":null}},"32":{"start":{"line":39,"column":2},"end":{"line":39,"column":null}},"33":{"start":{"line":40,"column":2},"end":{"line":40,"column":null}},"34":{"start":{"line":41,"column":2},"end":{"line":41,"column":null}},"35":{"start":{"line":42,"column":2},"end":{"line":42,"column":null}},"36":{"start":{"line":43,"column":2},"end":{"line":43,"column":null}},"37":{"start":{"line":44,"column":2},"end":{"line":44,"column":null}},"38":{"start":{"line":45,"column":2},"end":{"line":45,"column":null}},"39":{"start":{"line":46,"column":2},"end":{"line":46,"column":null}},"40":{"start":{"line":47,"column":2},"end":{"line":47,"column":null}},"41":{"start":{"line":48,"column":2},"end":{"line":48,"column":null}},"42":{"start":{"line":49,"column":2},"end":{"line":49,"column":null}},"43":{"start":{"line":50,"column":2},"end":{"line":50,"column":null}},"44":{"start":{"line":51,"column":2},"end":{"line":51,"column":null}},"45":{"start":{"line":52,"column":2},"end":{"line":52,"column":null}},"46":{"start":{"line":53,"column":2},"end":{"line":53,"column":null}},"47":{"start":{"line":54,"column":2},"end":{"line":54,"column":null}},"48":{"start":{"line":55,"column":2},"end":{"line":55,"column":null}},"49":{"start":{"line":56,"column":2},"end":{"line":56,"column":null}},"50":{"start":{"line":57,"column":2},"end":{"line":57,"column":null}},"51":{"start":{"line":58,"column":2},"end":{"line":58,"column":null}},"52":{"start":{"line":59,"column":2},"end":{"line":59,"column":null}},"53":{"start":{"line":60,"column":2},"end":{"line":60,"column":null}},"54":{"start":{"line":61,"column":2},"end":{"line":61,"column":null}},"55":{"start":{"line":64,"column":0},"end":{"line":64,"column":null}},"56":{"start":{"line":66,"column":2},"end":{"line":66,"column":null}},"57":{"start":{"line":68,"column":2},"end":{"line":68,"column":null}},"58":{"start":{"line":70,"column":2},"end":{"line":70,"column":null}},"59":{"start":{"line":72,"column":2},"end":{"line":72,"column":null}},"60":{"start":{"line":74,"column":2},"end":{"line":74,"column":null}},"61":{"start":{"line":76,"column":2},"end":{"line":76,"column":null}},"62":{"start":{"line":78,"column":2},"end":{"line":78,"column":null}},"63":{"start":{"line":80,"column":2},"end":{"line":80,"column":null}},"64":{"start":{"line":82,"column":2},"end":{"line":82,"column":null}},"65":{"start":{"line":84,"column":2},"end":{"line":84,"column":null}},"66":{"start":{"line":86,"column":2},"end":{"line":86,"column":null}},"67":{"start":{"line":88,"column":2},"end":{"line":88,"column":null}},"68":{"start":{"line":90,"column":2},"end":{"line":90,"column":null}}},"fnMap":{"0":{"name":"(anonymous_0)","decl":{"start":{"line":1,"column":0},"end":{"line":1,"column":12}},"loc":{"start":{"line":1,"column":25},"end":{"line":6,"column":1}}},"1":{"name":"(anonymous_1)","decl":{"start":{"line":8,"column":0},"end":{"line":8,"column":12}},"loc":{"start":{"line":8,"column":25},"end":{"line":19,"column":1}}},"2":{"name":"(anonymous_2)","decl":{"start":{"line":21,"column":0},"end":{"line":21,"column":12}},"loc":{"start":{"line":21,"column":25},"end":{"line":30,"column":1}}},"3":{"name":"(anonymous_3)","decl":{"start":{"line":32,"column":0},"end":{"line":32,"column":12}},"loc":{"start":{"line":32,"column":25},"end":{"line":62,"column":1}}},"4":{"name":"(anonymous_4)","decl":{"start":{"line":64,"column":0},"end":{"line":64,"column":12}},"loc":{"start":{"line":64,"column":25},"end":{"line":91,"column":1}}}},"branchMap":{"0":{"loc":{"start":{"line":1,"column":12},"end":{"line":1,"column":null}},"type":"binary-expr","locations":[{"start":{"line":1,"column":12},"end":{"line":1,"column":25}},{"start":{"line":1,"column":12},"end":{"line":1,"column":null}}]},"1":{"loc":{"start":{"line":8,"column":12},"end":{"line":8,"column":null}},"type":"binary-expr","locations":[{"start":{"line":8,"column":12},"end":{"line":8,"column":25}},{"start":{"line":8,"column":12},"end":{"line":8,"column":null}}]},"2":{"loc":{"start":{"line":21,"column":12},"end":{"line":21,"column":null}},"type":"binary-expr","locations":[{"start":{"line":21,"column":12},"end":{"line":21,"column":25}},{"start":{"line":21,"column":12},"end":{"line":21,"column":null}}]},"3":{"loc":{"start":{"line":32,"column":12},"end":{"line":32,"column":null}},"type":"binary-expr","locations":[{"start":{"line":32,"column":12},"end":{"line":32,"column":25}},{"start":{"line":32,"column":12},"end":{"line":32,"column":null}}]},"4":{"loc":{"start":{"line":64,"column":12},"end":{"line":64,"column":null}},"type":"binary-expr","locations":[{"start":{"line":64,"column":12},"end":{"line":64,"column":25}},{"start":{"line":64,"column":12},"end":{"line":64,"column":null}}]}},"s":{"0":0,"1":0,"2":0,"3":0,"4":0,"5":0,"6":0,"7":0,"8":0,"9":0,"10":0,"11":0,"12":0,"13":0,"14":0,"15":0,"16":0,"17":0,"18":0,"19":0,"20":0,"21":0,"22":0,"23":0,"24":0,"25":0,"26":0,"27":0,"28":0,"29":0,"30":0,"31":0,"32":0,"33":0,"34":0,"35":0,"36":0,"37":0,"38":0,"39":0,"40":0,"41":0,"42":0,"43":0,"44":0,"45":0,"46":0,"47":0,"48":0,"49":0,"50":0,"51":0,"52":0,"53":0,"54":0,"55":0,"56":0,"57":0,"58":0,"59":0,"60":0,"61":0,"62":0,"63":0,"64":0,"65":0,"66":0,"67":0,"68":0},"f":{"0":0,"1":0,"2":0,"3":0,"4":0},"b":{"0":[0,0],"1":[0,0],"2":[0,0],"3":[0,0],"4":[0,0]}}
,"C:\\projects\\open_source\\restponses\\restponses-node\\restponses\\src\\utils\\status_options.ts": {"path":"C:\\projects\\open_source\\restponses\\restponses-node\\restponses\\src\\utils\\status_options.ts","statementMap":{"0":{"start":{"line":7,"column":2},"end":{"line":9,"column":null}},"1":{"start":{"line":8,"column":4},"end":{"line":8,"column":null}},"2":{"start":{"line":6,"column":0},"end":{"line":6,"column":16}},"3":{"start":{"line":13,"column":2},"end":{"line":15,"column":null}},"4":{"start":{"line":14,"column":4},"end":{"line":14,"column":null}},"5":{"start":{"line":12,"column":0},"end":{"line":12,"column":16}},"6":{"start":{"line":19,"column":2},"end":{"line":21,"column":null}},"7":{"start":{"line":20,"column":4},"end":{"line":20,"column":null}},"8":{"start":{"line":18,"column":0},"end":{"line":18,"column":16}},"9":{"start":{"line":25,"column":2},"end":{"line":27,"column":null}},"10":{"start":{"line":26,"column":4},"end":{"line":26,"column":null}},"11":{"start":{"line":24,"column":0},"end":{"line":24,"column":16}},"12":{"start":{"line":33,"column":2},"end":{"line":35,"column":null}},"13":{"start":{"line":34,"column":4},"end":{"line":34,"column":null}},"14":{"start":{"line":32,"column":0},"end":{"line":32,"column":16}},"15":{"start":{"line":39,"column":2},"end":{"line":41,"column":null}},"16":{"start":{"line":40,"column":4},"end":{"line":40,"column":null}},"17":{"start":{"line":38,"column":0},"end":{"line":38,"column":16}},"18":{"start":{"line":45,"column":2},"end":{"line":47,"column":null}},"19":{"start":{"line":46,"column":4},"end":{"line":46,"column":null}},"20":{"start":{"line":44,"column":0},"end":{"line":44,"column":16}},"21":{"start":{"line":51,"column":2},"end":{"line":53,"column":null}},"22":{"start":{"line":52,"column":4},"end":{"line":52,"column":null}},"23":{"start":{"line":50,"column":0},"end":{"line":50,"column":16}},"24":{"start":{"line":57,"column":2},"end":{"line":59,"column":null}},"25":{"start":{"line":58,"column":4},"end":{"line":58,"column":null}},"26":{"start":{"line":56,"column":0},"end":{"line":56,"column":16}},"27":{"start":{"line":63,"column":2},"end":{"line":65,"column":null}},"28":{"start":{"line":64,"column":4},"end":{"line":64,"column":null}},"29":{"start":{"line":62,"column":0},"end":{"line":62,"column":16}},"30":{"start":{"line":69,"column":2},"end":{"line":71,"column":null}},"31":{"start":{"line":70,"column":4},"end":{"line":70,"column":null}},"32":{"start":{"line":68,"column":0},"end":{"line":68,"column":16}}},"fnMap":{"0":{"name":"Status201Opt","decl":{"start":{"line":6,"column":16},"end":{"line":6,"column":28}},"loc":{"start":{"line":6,"column":45},"end":{"line":10,"column":1}}},"1":{"name":"(anonymous_1)","decl":{"start":{"line":7,"column":9},"end":{"line":7,"column":19}},"loc":{"start":{"line":7,"column":52},"end":{"line":9,"column":3}}},"2":{"name":"Status202Opt","decl":{"start":{"line":12,"column":16},"end":{"line":12,"column":28}},"loc":{"start":{"line":12,"column":46},"end":{"line":16,"column":1}}},"3":{"name":"(anonymous_3)","decl":{"start":{"line":13,"column":9},"end":{"line":13,"column":19}},"loc":{"start":{"line":13,"column":52},"end":{"line":15,"column":3}}},"4":{"name":"Status203Opt","decl":{"start":{"line":18,"column":16},"end":{"line":18,"column":28}},"loc":{"start":{"line":18,"column":47},"end":{"line":22,"column":1}}},"5":{"name":"(anonymous_5)","decl":{"start":{"line":19,"column":9},"end":{"line":19,"column":19}},"loc":{"start":{"line":19,"column":52},"end":{"line":21,"column":3}}},"6":{"name":"Status207Opt","decl":{"start":{"line":24,"column":16},"end":{"line":24,"column":28}},"loc":{"start":{"line":24,"column":53},"end":{"line":28,"column":1}}},"7":{"name":"(anonymous_7)","decl":{"start":{"line":25,"column":9},"end":{"line":25,"column":19}},"loc":{"start":{"line":25,"column":52},"end":{"line":27,"column":3}}},"8":{"name":"Status300Opt","decl":{"start":{"line":32,"column":16},"end":{"line":32,"column":28}},"loc":{"start":{"line":32,"column":43},"end":{"line":36,"column":1}}},"9":{"name":"(anonymous_9)","decl":{"start":{"line":33,"column":9},"end":{"line":33,"column":19}},"loc":{"start":{"line":33,"column":52},"end":{"line":35,"column":3}}},"10":{"name":"Status301Opt","decl":{"start":{"line":38,"column":16},"end":{"line":38,"column":28}},"loc":{"start":{"line":38,"column":51},"end":{"line":42,"column":1}}},"11":{"name":"(anonymous_11)","decl":{"start":{"line":39,"column":9},"end":{"line":39,"column":19}},"loc":{"start":{"line":39,"column":52},"end":{"line":41,"column":3}}},"12":{"name":"Status302Opt","decl":{"start":{"line":44,"column":16},"end":{"line":44,"column":28}},"loc":{"start":{"line":44,"column":48},"end":{"line":48,"column":1}}},"13":{"name":"(anonymous_13)","decl":{"start":{"line":45,"column":9},"end":{"line":45,"column":19}},"loc":{"start":{"line":45,"column":52},"end":{"line":47,"column":3}}},"14":{"name":"Status303Opt","decl":{"start":{"line":50,"column":16},"end":{"line":50,"column":28}},"loc":{"start":{"line":50,"column":48},"end":{"line":54,"column":1}}},"15":{"name":"(anonymous_15)","decl":{"start":{"line":51,"column":9},"end":{"line":51,"column":19}},"loc":{"start":{"line":51,"column":52},"end":{"line":53,"column":3}}},"16":{"name":"Status305Opt","decl":{"start":{"line":56,"column":16},"end":{"line":56,"column":28}},"loc":{"start":{"line":56,"column":45},"end":{"line":60,"column":1}}},"17":{"name":"(anonymous_17)","decl":{"start":{"line":57,"column":9},"end":{"line":57,"column":19}},"loc":{"start":{"line":57,"column":52},"end":{"line":59,"column":3}}},"18":{"name":"Status307Opt","decl":{"start":{"line":62,"column":16},"end":{"line":62,"column":28}},"loc":{"start":{"line":62,"column":48},"end":{"line":66,"column":1}}},"19":{"name":"(anonymous_19)","decl":{"start":{"line":63,"column":9},"end":{"line":63,"column":19}},"loc":{"start":{"line":63,"column":52},"end":{"line":65,"column":3}}},"20":{"name":"Status308Opt","decl":{"start":{"line":68,"column":16},"end":{"line":68,"column":28}},"loc":{"start":{"line":68,"column":48},"end":{"line":72,"column":1}}},"21":{"name":"(anonymous_21)","decl":{"start":{"line":69,"column":9},"end":{"line":69,"column":19}},"loc":{"start":{"line":69,"column":52},"end":{"line":71,"column":3}}}},"branchMap":{},"s":{"0":0,"1":0,"2":0,"3":0,"4":0,"5":0,"6":0,"7":0,"8":0,"9":0,"10":0,"11":0,"12":0,"13":0,"14":0,"15":0,"16":0,"17":0,"18":0,"19":0,"20":0,"21":0,"22":0,"23":0,"24":0,"25":0,"26":0,"27":0,"28":0,"29":0,"30":0,"31":0,"32":0},"f":{"0":0,"1":0,"2":0,"3":0,"4":0,"5":0,"6":0,"7":0,"8":0,"9":0,"10":0,"11":0,"12":0,"13":0,"14":0,"15":0,"16":0,"17":0,"18":0,"19":0,"20":0,"21":0},"b":{}}
}
