TN:
SF:src\interfaces\status_codes.ts
FN:9,(anonymous_0)
FNF:1
FNH:0
FNDA:0,(anonymous_0)
DA:9,0
DA:10,0
DA:11,0
DA:12,0
DA:13,0
DA:15,0
DA:16,0
DA:17,0
DA:18,0
DA:19,0
DA:20,0
DA:21,0
DA:22,0
DA:23,0
DA:24,0
DA:26,0
DA:27,0
DA:28,0
DA:29,0
DA:30,0
DA:31,0
DA:32,0
DA:33,0
DA:35,0
DA:36,0
DA:37,0
DA:38,0
DA:39,0
DA:40,0
DA:41,0
DA:42,0
DA:43,0
DA:44,0
DA:45,0
DA:46,0
DA:47,0
DA:48,0
DA:49,0
DA:50,0
DA:51,0
DA:52,0
DA:53,0
DA:54,0
DA:55,0
DA:56,0
DA:57,0
DA:58,0
DA:59,0
DA:60,0
DA:61,0
DA:62,0
DA:63,0
DA:65,0
DA:66,0
DA:67,0
DA:68,0
DA:69,0
DA:70,0
DA:71,0
DA:72,0
DA:73,0
DA:74,0
DA:75,0
DA:76,0
DA:77,0
DA:84,0
LF:66
LH:0
BRDA:9,0,0,0
BRDA:9,0,1,0
BRF:2
BRH:0
end_of_record
TN:
SF:src\utils\state_codes.ts
FN:1,(anonymous_0)
FN:8,(anonymous_1)
FN:21,(anonymous_2)
FN:32,(anonymous_3)
FN:64,(anonymous_4)
FNF:5
FNH:0
FNDA:0,(anonymous_0)
FNDA:0,(anonymous_1)
FNDA:0,(anonymous_2)
FNDA:0,(anonymous_3)
FNDA:0,(anonymous_4)
DA:1,0
DA:2,0
DA:3,0
DA:4,0
DA:5,0
DA:8,0
DA:9,0
DA:10,0
DA:11,0
DA:12,0
DA:13,0
DA:14,0
DA:15,0
DA:16,0
DA:17,0
DA:18,0
DA:21,0
DA:22,0
DA:23,0
DA:24,0
DA:25,0
DA:26,0
DA:27,0
DA:28,0
DA:29,0
DA:32,0
DA:33,0
DA:34,0
DA:35,0
DA:36,0
DA:37,0
DA:38,0
DA:39,0
DA:40,0
DA:41,0
DA:42,0
DA:43,0
DA:44,0
DA:45,0
DA:46,0
DA:47,0
DA:48,0
DA:49,0
DA:50,0
DA:51,0
DA:52,0
DA:53,0
DA:54,0
DA:55,0
DA:56,0
DA:57,0
DA:58,0
DA:59,0
DA:60,0
DA:61,0
DA:64,0
DA:66,0
DA:68,0
DA:70,0
DA:72,0
DA:74,0
DA:76,0
DA:78,0
DA:80,0
DA:82,0
DA:84,0
DA:86,0
DA:88,0
DA:90,0
LF:69
LH:0
BRDA:1,0,0,0
BRDA:1,0,1,0
BRDA:8,1,0,0
BRDA:8,1,1,0
BRDA:21,2,0,0
BRDA:21,2,1,0
BRDA:32,3,0,0
BRDA:32,3,1,0
BRDA:64,4,0,0
BRDA:64,4,1,0
BRF:10
BRH:0
end_of_record
TN:
SF:src\utils\status_options.ts
FN:6,Status201Opt
FN:7,(anonymous_1)
FN:12,Status202Opt
FN:13,(anonymous_3)
FN:18,Status203Opt
FN:19,(anonymous_5)
FN:24,Status207Opt
FN:25,(anonymous_7)
FN:32,Status300Opt
FN:33,(anonymous_9)
FN:38,Status301Opt
FN:39,(anonymous_11)
FN:44,Status302Opt
FN:45,(anonymous_13)
FN:50,Status303Opt
FN:51,(anonymous_15)
FN:56,Status305Opt
FN:57,(anonymous_17)
FN:62,Status307Opt
FN:63,(anonymous_19)
FN:68,Status308Opt
FN:69,(anonymous_21)
FNF:22
FNH:0
FNDA:0,Status201Opt
FNDA:0,(anonymous_1)
FNDA:0,Status202Opt
FNDA:0,(anonymous_3)
FNDA:0,Status203Opt
FNDA:0,(anonymous_5)
FNDA:0,Status207Opt
FNDA:0,(anonymous_7)
FNDA:0,Status300Opt
FNDA:0,(anonymous_9)
FNDA:0,Status301Opt
FNDA:0,(anonymous_11)
FNDA:0,Status302Opt
FNDA:0,(anonymous_13)
FNDA:0,Status303Opt
FNDA:0,(anonymous_15)
FNDA:0,Status305Opt
FNDA:0,(anonymous_17)
FNDA:0,Status307Opt
FNDA:0,(anonymous_19)
FNDA:0,Status308Opt
FNDA:0,(anonymous_21)
DA:6,0
DA:7,0
DA:8,0
DA:12,0
DA:13,0
DA:14,0
DA:18,0
DA:19,0
DA:20,0
DA:24,0
DA:25,0
DA:26,0
DA:32,0
DA:33,0
DA:34,0
DA:38,0
DA:39,0
DA:40,0
DA:44,0
DA:45,0
DA:46,0
DA:50,0
DA:51,0
DA:52,0
DA:56,0
DA:57,0
DA:58,0
DA:62,0
DA:63,0
DA:64,0
DA:68,0
DA:69,0
DA:70,0
LF:33
LH:0
BRF:0
BRH:0
end_of_record
